<?xml version="1.0" encoding="UTF-8"?>
<testsuite xmlns:xsi="http://www.w3.org/2001/XMLSchema-instance" xsi:noNamespaceSchemaLocation="https://maven.apache.org/surefire/maven-surefire-plugin/xsd/surefire-test-report-3.0.xsd" version="3.0" name="guru.springframework.sfgjms.SfgJmsApplicationTests" time="3.727" tests="1" errors="0" skipped="0" failures="0">
  <properties>
    <property name="java.specification.version" value="21"/>
    <property name="sun.cpu.isalist" value="amd64"/>
    <property name="sun.jnu.encoding" value="Cp1252"/>
    <property name="java.class.path" value="c:\Users\Jac01\OneDrive\Documents\GitHub\sfg-jms\target\test-classes;c:\Users\Jac01\OneDrive\Documents\GitHub\sfg-jms\target\classes;C:\Users\Jac01\.m2\repository\org\springframework\boot\spring-boot-starter-artemis\3.3.4\spring-boot-starter-artemis-3.3.4.jar;C:\Users\Jac01\.m2\repository\org\springframework\boot\spring-boot-starter\3.3.4\spring-boot-starter-3.3.4.jar;C:\Users\Jac01\.m2\repository\org\springframework\boot\spring-boot-starter-logging\3.3.4\spring-boot-starter-logging-3.3.4.jar;C:\Users\Jac01\.m2\repository\ch\qos\logback\logback-classic\1.5.8\logback-classic-1.5.8.jar;C:\Users\Jac01\.m2\repository\ch\qos\logback\logback-core\1.5.8\logback-core-1.5.8.jar;C:\Users\Jac01\.m2\repository\org\apache\logging\log4j\log4j-to-slf4j\2.23.1\log4j-to-slf4j-2.23.1.jar;C:\Users\Jac01\.m2\repository\org\apache\logging\log4j\log4j-api\2.23.1\log4j-api-2.23.1.jar;C:\Users\Jac01\.m2\repository\org\slf4j\jul-to-slf4j\2.0.16\jul-to-slf4j-2.0.16.jar;C:\Users\Jac01\.m2\repository\jakarta\annotation\jakarta.annotation-api\2.1.1\jakarta.annotation-api-2.1.1.jar;C:\Users\Jac01\.m2\repository\org\yaml\snakeyaml\2.2\snakeyaml-2.2.jar;C:\Users\Jac01\.m2\repository\org\springframework\spring-jms\6.1.13\spring-jms-6.1.13.jar;C:\Users\Jac01\.m2\repository\org\springframework\spring-beans\6.1.13\spring-beans-6.1.13.jar;C:\Users\Jac01\.m2\repository\org\springframework\spring-messaging\6.1.13\spring-messaging-6.1.13.jar;C:\Users\Jac01\.m2\repository\org\springframework\spring-tx\6.1.13\spring-tx-6.1.13.jar;C:\Users\Jac01\.m2\repository\io\micrometer\micrometer-observation\1.13.4\micrometer-observation-1.13.4.jar;C:\Users\Jac01\.m2\repository\org\apache\activemq\artemis-jakarta-client\2.33.0\artemis-jakarta-client-2.33.0.jar;C:\Users\Jac01\.m2\repository\org\apache\activemq\artemis-server\2.33.0\artemis-server-2.33.0.jar;C:\Users\Jac01\.m2\repository\org\slf4j\slf4j-api\2.0.16\slf4j-api-2.0.16.jar;C:\Users\Jac01\.m2\repository\com\github\ben-manes\caffeine\caffeine\3.1.8\caffeine-3.1.8.jar;C:\Users\Jac01\.m2\repository\org\apache\activemq\artemis-commons\2.33.0\artemis-commons-2.33.0.jar;C:\Users\Jac01\.m2\repository\org\apache\activemq\artemis-selector\2.33.0\artemis-selector-2.33.0.jar;C:\Users\Jac01\.m2\repository\org\apache\activemq\artemis-journal\2.33.0\artemis-journal-2.33.0.jar;C:\Users\Jac01\.m2\repository\org\apache\activemq\activemq-artemis-native\2.0.0\activemq-artemis-native-2.0.0.jar;C:\Users\Jac01\.m2\repository\org\apache\activemq\artemis-jdbc-store\2.33.0\artemis-jdbc-store-2.33.0.jar;C:\Users\Jac01\.m2\repository\org\apache\commons\commons-dbcp2\2.12.0\commons-dbcp2-2.12.0.jar;C:\Users\Jac01\.m2\repository\org\apache\commons\commons-pool2\2.12.0\commons-pool2-2.12.0.jar;C:\Users\Jac01\.m2\repository\org\apache\activemq\artemis-core-client\2.33.0\artemis-core-client-2.33.0.jar;C:\Users\Jac01\.m2\repository\org\jgroups\jgroups\5.3.2.Final\jgroups-5.3.2.Final.jar;C:\Users\Jac01\.m2\repository\io\netty\netty-handler-proxy\4.1.113.Final\netty-handler-proxy-4.1.113.Final.jar;C:\Users\Jac01\.m2\repository\io\netty\netty-codec-socks\4.1.113.Final\netty-codec-socks-4.1.113.Final.jar;C:\Users\Jac01\.m2\repository\io\netty\netty-resolver\4.1.113.Final\netty-resolver-4.1.113.Final.jar;C:\Users\Jac01\.m2\repository\de\dentrassi\crypto\pem-keystore\2.3.0\pem-keystore-2.3.0.jar;C:\Users\Jac01\.m2\repository\org\bouncycastle\bcprov-jdk18on\1.77\bcprov-jdk18on-1.77.jar;C:\Users\Jac01\.m2\repository\org\bouncycastle\bcpkix-jdk18on\1.77\bcpkix-jdk18on-1.77.jar;C:\Users\Jac01\.m2\repository\org\bouncycastle\bcutil-jdk18on\1.77\bcutil-jdk18on-1.77.jar;C:\Users\Jac01\.m2\repository\org\apache\activemq\artemis-lockmanager-api\2.33.0\artemis-lockmanager-api-2.33.0.jar;C:\Users\Jac01\.m2\repository\org\jctools\jctools-core\4.0.2\jctools-core-4.0.2.jar;C:\Users\Jac01\.m2\repository\io\netty\netty-buffer\4.1.113.Final\netty-buffer-4.1.113.Final.jar;C:\Users\Jac01\.m2\repository\io\netty\netty-transport\4.1.113.Final\netty-transport-4.1.113.Final.jar;C:\Users\Jac01\.m2\repository\io\netty\netty-codec-http\4.1.113.Final\netty-codec-http-4.1.113.Final.jar;C:\Users\Jac01\.m2\repository\io\netty\netty-common\4.1.113.Final\netty-common-4.1.113.Final.jar;C:\Users\Jac01\.m2\repository\io\netty\netty-handler\4.1.113.Final\netty-handler-4.1.113.Final.jar;C:\Users\Jac01\.m2\repository\io\netty\netty-transport-native-unix-common\4.1.113.Final\netty-transport-native-unix-common-4.1.113.Final.jar;C:\Users\Jac01\.m2\repository\io\netty\netty-transport-native-epoll\4.1.113.Final\netty-transport-native-epoll-4.1.113.Final-linux-x86_64.jar;C:\Users\Jac01\.m2\repository\io\netty\netty-transport-classes-epoll\4.1.113.Final\netty-transport-classes-epoll-4.1.113.Final.jar;C:\Users\Jac01\.m2\repository\io\netty\netty-transport-native-kqueue\4.1.113.Final\netty-transport-native-kqueue-4.1.113.Final-osx-x86_64.jar;C:\Users\Jac01\.m2\repository\io\netty\netty-transport-classes-kqueue\4.1.113.Final\netty-transport-classes-kqueue-4.1.113.Final.jar;C:\Users\Jac01\.m2\repository\io\netty\netty-codec\4.1.113.Final\netty-codec-4.1.113.Final.jar;C:\Users\Jac01\.m2\repository\commons-beanutils\commons-beanutils\1.9.4\commons-beanutils-1.9.4.jar;C:\Users\Jac01\.m2\repository\commons-logging\commons-logging\1.2\commons-logging-1.2.jar;C:\Users\Jac01\.m2\repository\org\apache\commons\commons-lang3\3.14.0\commons-lang3-3.14.0.jar;C:\Users\Jac01\.m2\repository\org\apache\commons\commons-configuration2\2.9.0\commons-configuration2-2.9.0.jar;C:\Users\Jac01\.m2\repository\org\apache\commons\commons-text\1.10.0\commons-text-1.10.0.jar;C:\Users\Jac01\.m2\repository\commons-collections\commons-collections\3.2.2\commons-collections-3.2.2.jar;C:\Users\Jac01\.m2\repository\io\micrometer\micrometer-core\1.13.4\micrometer-core-1.13.4.jar;C:\Users\Jac01\.m2\repository\io\micrometer\micrometer-commons\1.13.4\micrometer-commons-1.13.4.jar;C:\Users\Jac01\.m2\repository\org\apache\activemq\artemis-jms-server\2.33.0\artemis-jms-server-2.33.0.jar;C:\Users\Jac01\.m2\repository\org\apache\activemq\artemis-jms-client\2.33.0\artemis-jms-client-2.33.0.jar;C:\Users\Jac01\.m2\repository\org\apache\activemq\artemis-service-extensions\2.33.0\artemis-service-extensions-2.33.0.jar;C:\Users\Jac01\.m2\repository\jakarta\jms\jakarta.jms-api\3.1.0\jakarta.jms-api-3.1.0.jar;C:\Users\Jac01\.m2\repository\jakarta\transaction\jakarta.transaction-api\2.0.1\jakarta.transaction-api-2.0.1.jar;C:\Users\Jac01\.m2\repository\org\springframework\boot\spring-boot-starter-web\3.3.4\spring-boot-starter-web-3.3.4.jar;C:\Users\Jac01\.m2\repository\org\springframework\boot\spring-boot-starter-json\3.3.4\spring-boot-starter-json-3.3.4.jar;C:\Users\Jac01\.m2\repository\com\fasterxml\jackson\core\jackson-databind\2.17.2\jackson-databind-2.17.2.jar;C:\Users\Jac01\.m2\repository\com\fasterxml\jackson\core\jackson-annotations\2.17.2\jackson-annotations-2.17.2.jar;C:\Users\Jac01\.m2\repository\com\fasterxml\jackson\core\jackson-core\2.17.2\jackson-core-2.17.2.jar;C:\Users\Jac01\.m2\repository\com\fasterxml\jackson\datatype\jackson-datatype-jdk8\2.17.2\jackson-datatype-jdk8-2.17.2.jar;C:\Users\Jac01\.m2\repository\com\fasterxml\jackson\datatype\jackson-datatype-jsr310\2.17.2\jackson-datatype-jsr310-2.17.2.jar;C:\Users\Jac01\.m2\repository\com\fasterxml\jackson\module\jackson-module-parameter-names\2.17.2\jackson-module-parameter-names-2.17.2.jar;C:\Users\Jac01\.m2\repository\org\springframework\boot\spring-boot-starter-tomcat\3.3.4\spring-boot-starter-tomcat-3.3.4.jar;C:\Users\Jac01\.m2\repository\org\apache\tomcat\embed\tomcat-embed-core\10.1.30\tomcat-embed-core-10.1.30.jar;C:\Users\Jac01\.m2\repository\org\apache\tomcat\embed\tomcat-embed-el\10.1.30\tomcat-embed-el-10.1.30.jar;C:\Users\Jac01\.m2\repository\org\apache\tomcat\embed\tomcat-embed-websocket\10.1.30\tomcat-embed-websocket-10.1.30.jar;C:\Users\Jac01\.m2\repository\org\springframework\spring-web\6.1.13\spring-web-6.1.13.jar;C:\Users\Jac01\.m2\repository\org\springframework\spring-webmvc\6.1.13\spring-webmvc-6.1.13.jar;C:\Users\Jac01\.m2\repository\org\springframework\spring-aop\6.1.13\spring-aop-6.1.13.jar;C:\Users\Jac01\.m2\repository\org\springframework\spring-context\6.1.13\spring-context-6.1.13.jar;C:\Users\Jac01\.m2\repository\org\springframework\spring-expression\6.1.13\spring-expression-6.1.13.jar;C:\Users\Jac01\.m2\repository\org\springframework\boot\spring-boot-devtools\3.3.4\spring-boot-devtools-3.3.4.jar;C:\Users\Jac01\.m2\repository\org\springframework\boot\spring-boot\3.3.4\spring-boot-3.3.4.jar;C:\Users\Jac01\.m2\repository\org\springframework\boot\spring-boot-autoconfigure\3.3.4\spring-boot-autoconfigure-3.3.4.jar;C:\Users\Jac01\.m2\repository\org\projectlombok\lombok\1.18.34\lombok-1.18.34.jar;C:\Users\Jac01\.m2\repository\org\springframework\boot\spring-boot-starter-test\3.3.4\spring-boot-starter-test-3.3.4.jar;C:\Users\Jac01\.m2\repository\org\springframework\boot\spring-boot-test\3.3.4\spring-boot-test-3.3.4.jar;C:\Users\Jac01\.m2\repository\org\springframework\boot\spring-boot-test-autoconfigure\3.3.4\spring-boot-test-autoconfigure-3.3.4.jar;C:\Users\Jac01\.m2\repository\com\jayway\jsonpath\json-path\2.9.0\json-path-2.9.0.jar;C:\Users\Jac01\.m2\repository\jakarta\xml\bind\jakarta.xml.bind-api\4.0.2\jakarta.xml.bind-api-4.0.2.jar;C:\Users\Jac01\.m2\repository\jakarta\activation\jakarta.activation-api\2.1.3\jakarta.activation-api-2.1.3.jar;C:\Users\Jac01\.m2\repository\net\minidev\json-smart\2.5.1\json-smart-2.5.1.jar;C:\Users\Jac01\.m2\repository\net\minidev\accessors-smart\2.5.1\accessors-smart-2.5.1.jar;C:\Users\Jac01\.m2\repository\org\ow2\asm\asm\9.6\asm-9.6.jar;C:\Users\Jac01\.m2\repository\org\assertj\assertj-core\3.25.3\assertj-core-3.25.3.jar;C:\Users\Jac01\.m2\repository\net\bytebuddy\byte-buddy\1.14.19\byte-buddy-1.14.19.jar;C:\Users\Jac01\.m2\repository\org\awaitility\awaitility\4.2.2\awaitility-4.2.2.jar;C:\Users\Jac01\.m2\repository\org\hamcrest\hamcrest\2.2\hamcrest-2.2.jar;C:\Users\Jac01\.m2\repository\org\junit\jupiter\junit-jupiter\5.10.3\junit-jupiter-5.10.3.jar;C:\Users\Jac01\.m2\repository\org\junit\jupiter\junit-jupiter-api\5.10.3\junit-jupiter-api-5.10.3.jar;C:\Users\Jac01\.m2\repository\org\opentest4j\opentest4j\1.3.0\opentest4j-1.3.0.jar;C:\Users\Jac01\.m2\repository\org\junit\platform\junit-platform-commons\1.10.3\junit-platform-commons-1.10.3.jar;C:\Users\Jac01\.m2\repository\org\apiguardian\apiguardian-api\1.1.2\apiguardian-api-1.1.2.jar;C:\Users\Jac01\.m2\repository\org\junit\jupiter\junit-jupiter-params\5.10.3\junit-jupiter-params-5.10.3.jar;C:\Users\Jac01\.m2\repository\org\junit\jupiter\junit-jupiter-engine\5.10.3\junit-jupiter-engine-5.10.3.jar;C:\Users\Jac01\.m2\repository\org\junit\platform\junit-platform-engine\1.10.3\junit-platform-engine-1.10.3.jar;C:\Users\Jac01\.m2\repository\org\mockito\mockito-core\5.11.0\mockito-core-5.11.0.jar;C:\Users\Jac01\.m2\repository\net\bytebuddy\byte-buddy-agent\1.14.19\byte-buddy-agent-1.14.19.jar;C:\Users\Jac01\.m2\repository\org\objenesis\objenesis\3.3\objenesis-3.3.jar;C:\Users\Jac01\.m2\repository\org\mockito\mockito-junit-jupiter\5.11.0\mockito-junit-jupiter-5.11.0.jar;C:\Users\Jac01\.m2\repository\org\skyscreamer\jsonassert\1.5.3\jsonassert-1.5.3.jar;C:\Users\Jac01\.m2\repository\com\vaadin\external\google\android-json\0.0.20131108.vaadin1\android-json-0.0.20131108.vaadin1.jar;C:\Users\Jac01\.m2\repository\org\springframework\spring-core\6.1.13\spring-core-6.1.13.jar;C:\Users\Jac01\.m2\repository\org\springframework\spring-jcl\6.1.13\spring-jcl-6.1.13.jar;C:\Users\Jac01\.m2\repository\org\springframework\spring-test\6.1.13\spring-test-6.1.13.jar;C:\Users\Jac01\.m2\repository\org\xmlunit\xmlunit-core\2.9.1\xmlunit-core-2.9.1.jar;"/>
    <property name="java.vm.vendor" value="Eclipse Adoptium"/>
    <property name="sun.arch.data.model" value="64"/>
    <property name="user.variant" value=""/>
    <property name="java.vendor.url" value="https://adoptium.net/"/>
    <property name="user.timezone" value="America/Toronto"/>
    <property name="os.name" value="Windows 11"/>
    <property name="java.vm.specification.version" value="21"/>
    <property name="sun.java.launcher" value="SUN_STANDARD"/>
    <property name="user.country" value="FR"/>
    <property name="sun.boot.library.path" value="C:\Users\Jac01\AppData\Roaming\Code\User\globalStorage\pleiades.java-extension-pack-jdk\java\21\bin"/>
    <property name="sun.java.command" value="C:\Users\Jac01\AppData\Local\Temp\surefire7892650766451825541\surefirebooter-20241011224537307_3.jar C:\Users\Jac01\AppData\Local\Temp\surefire7892650766451825541 2024-10-11T22-45-37_061-jvmRun1 surefire-20241011224537307_1tmp surefire_0-20241011224537307_2tmp"/>
    <property name="jdk.debug" value="release"/>
    <property name="surefire.test.class.path" value="c:\Users\Jac01\OneDrive\Documents\GitHub\sfg-jms\target\test-classes;c:\Users\Jac01\OneDrive\Documents\GitHub\sfg-jms\target\classes;C:\Users\Jac01\.m2\repository\org\springframework\boot\spring-boot-starter-artemis\3.3.4\spring-boot-starter-artemis-3.3.4.jar;C:\Users\Jac01\.m2\repository\org\springframework\boot\spring-boot-starter\3.3.4\spring-boot-starter-3.3.4.jar;C:\Users\Jac01\.m2\repository\org\springframework\boot\spring-boot-starter-logging\3.3.4\spring-boot-starter-logging-3.3.4.jar;C:\Users\Jac01\.m2\repository\ch\qos\logback\logback-classic\1.5.8\logback-classic-1.5.8.jar;C:\Users\Jac01\.m2\repository\ch\qos\logback\logback-core\1.5.8\logback-core-1.5.8.jar;C:\Users\Jac01\.m2\repository\org\apache\logging\log4j\log4j-to-slf4j\2.23.1\log4j-to-slf4j-2.23.1.jar;C:\Users\Jac01\.m2\repository\org\apache\logging\log4j\log4j-api\2.23.1\log4j-api-2.23.1.jar;C:\Users\Jac01\.m2\repository\org\slf4j\jul-to-slf4j\2.0.16\jul-to-slf4j-2.0.16.jar;C:\Users\Jac01\.m2\repository\jakarta\annotation\jakarta.annotation-api\2.1.1\jakarta.annotation-api-2.1.1.jar;C:\Users\Jac01\.m2\repository\org\yaml\snakeyaml\2.2\snakeyaml-2.2.jar;C:\Users\Jac01\.m2\repository\org\springframework\spring-jms\6.1.13\spring-jms-6.1.13.jar;C:\Users\Jac01\.m2\repository\org\springframework\spring-beans\6.1.13\spring-beans-6.1.13.jar;C:\Users\Jac01\.m2\repository\org\springframework\spring-messaging\6.1.13\spring-messaging-6.1.13.jar;C:\Users\Jac01\.m2\repository\org\springframework\spring-tx\6.1.13\spring-tx-6.1.13.jar;C:\Users\Jac01\.m2\repository\io\micrometer\micrometer-observation\1.13.4\micrometer-observation-1.13.4.jar;C:\Users\Jac01\.m2\repository\org\apache\activemq\artemis-jakarta-client\2.33.0\artemis-jakarta-client-2.33.0.jar;C:\Users\Jac01\.m2\repository\org\apache\activemq\artemis-server\2.33.0\artemis-server-2.33.0.jar;C:\Users\Jac01\.m2\repository\org\slf4j\slf4j-api\2.0.16\slf4j-api-2.0.16.jar;C:\Users\Jac01\.m2\repository\com\github\ben-manes\caffeine\caffeine\3.1.8\caffeine-3.1.8.jar;C:\Users\Jac01\.m2\repository\org\apache\activemq\artemis-commons\2.33.0\artemis-commons-2.33.0.jar;C:\Users\Jac01\.m2\repository\org\apache\activemq\artemis-selector\2.33.0\artemis-selector-2.33.0.jar;C:\Users\Jac01\.m2\repository\org\apache\activemq\artemis-journal\2.33.0\artemis-journal-2.33.0.jar;C:\Users\Jac01\.m2\repository\org\apache\activemq\activemq-artemis-native\2.0.0\activemq-artemis-native-2.0.0.jar;C:\Users\Jac01\.m2\repository\org\apache\activemq\artemis-jdbc-store\2.33.0\artemis-jdbc-store-2.33.0.jar;C:\Users\Jac01\.m2\repository\org\apache\commons\commons-dbcp2\2.12.0\commons-dbcp2-2.12.0.jar;C:\Users\Jac01\.m2\repository\org\apache\commons\commons-pool2\2.12.0\commons-pool2-2.12.0.jar;C:\Users\Jac01\.m2\repository\org\apache\activemq\artemis-core-client\2.33.0\artemis-core-client-2.33.0.jar;C:\Users\Jac01\.m2\repository\org\jgroups\jgroups\5.3.2.Final\jgroups-5.3.2.Final.jar;C:\Users\Jac01\.m2\repository\io\netty\netty-handler-proxy\4.1.113.Final\netty-handler-proxy-4.1.113.Final.jar;C:\Users\Jac01\.m2\repository\io\netty\netty-codec-socks\4.1.113.Final\netty-codec-socks-4.1.113.Final.jar;C:\Users\Jac01\.m2\repository\io\netty\netty-resolver\4.1.113.Final\netty-resolver-4.1.113.Final.jar;C:\Users\Jac01\.m2\repository\de\dentrassi\crypto\pem-keystore\2.3.0\pem-keystore-2.3.0.jar;C:\Users\Jac01\.m2\repository\org\bouncycastle\bcprov-jdk18on\1.77\bcprov-jdk18on-1.77.jar;C:\Users\Jac01\.m2\repository\org\bouncycastle\bcpkix-jdk18on\1.77\bcpkix-jdk18on-1.77.jar;C:\Users\Jac01\.m2\repository\org\bouncycastle\bcutil-jdk18on\1.77\bcutil-jdk18on-1.77.jar;C:\Users\Jac01\.m2\repository\org\apache\activemq\artemis-lockmanager-api\2.33.0\artemis-lockmanager-api-2.33.0.jar;C:\Users\Jac01\.m2\repository\org\jctools\jctools-core\4.0.2\jctools-core-4.0.2.jar;C:\Users\Jac01\.m2\repository\io\netty\netty-buffer\4.1.113.Final\netty-buffer-4.1.113.Final.jar;C:\Users\Jac01\.m2\repository\io\netty\netty-transport\4.1.113.Final\netty-transport-4.1.113.Final.jar;C:\Users\Jac01\.m2\repository\io\netty\netty-codec-http\4.1.113.Final\netty-codec-http-4.1.113.Final.jar;C:\Users\Jac01\.m2\repository\io\netty\netty-common\4.1.113.Final\netty-common-4.1.113.Final.jar;C:\Users\Jac01\.m2\repository\io\netty\netty-handler\4.1.113.Final\netty-handler-4.1.113.Final.jar;C:\Users\Jac01\.m2\repository\io\netty\netty-transport-native-unix-common\4.1.113.Final\netty-transport-native-unix-common-4.1.113.Final.jar;C:\Users\Jac01\.m2\repository\io\netty\netty-transport-native-epoll\4.1.113.Final\netty-transport-native-epoll-4.1.113.Final-linux-x86_64.jar;C:\Users\Jac01\.m2\repository\io\netty\netty-transport-classes-epoll\4.1.113.Final\netty-transport-classes-epoll-4.1.113.Final.jar;C:\Users\Jac01\.m2\repository\io\netty\netty-transport-native-kqueue\4.1.113.Final\netty-transport-native-kqueue-4.1.113.Final-osx-x86_64.jar;C:\Users\Jac01\.m2\repository\io\netty\netty-transport-classes-kqueue\4.1.113.Final\netty-transport-classes-kqueue-4.1.113.Final.jar;C:\Users\Jac01\.m2\repository\io\netty\netty-codec\4.1.113.Final\netty-codec-4.1.113.Final.jar;C:\Users\Jac01\.m2\repository\commons-beanutils\commons-beanutils\1.9.4\commons-beanutils-1.9.4.jar;C:\Users\Jac01\.m2\repository\commons-logging\commons-logging\1.2\commons-logging-1.2.jar;C:\Users\Jac01\.m2\repository\org\apache\commons\commons-lang3\3.14.0\commons-lang3-3.14.0.jar;C:\Users\Jac01\.m2\repository\org\apache\commons\commons-configuration2\2.9.0\commons-configuration2-2.9.0.jar;C:\Users\Jac01\.m2\repository\org\apache\commons\commons-text\1.10.0\commons-text-1.10.0.jar;C:\Users\Jac01\.m2\repository\commons-collections\commons-collections\3.2.2\commons-collections-3.2.2.jar;C:\Users\Jac01\.m2\repository\io\micrometer\micrometer-core\1.13.4\micrometer-core-1.13.4.jar;C:\Users\Jac01\.m2\repository\io\micrometer\micrometer-commons\1.13.4\micrometer-commons-1.13.4.jar;C:\Users\Jac01\.m2\repository\org\apache\activemq\artemis-jms-server\2.33.0\artemis-jms-server-2.33.0.jar;C:\Users\Jac01\.m2\repository\org\apache\activemq\artemis-jms-client\2.33.0\artemis-jms-client-2.33.0.jar;C:\Users\Jac01\.m2\repository\org\apache\activemq\artemis-service-extensions\2.33.0\artemis-service-extensions-2.33.0.jar;C:\Users\Jac01\.m2\repository\jakarta\jms\jakarta.jms-api\3.1.0\jakarta.jms-api-3.1.0.jar;C:\Users\Jac01\.m2\repository\jakarta\transaction\jakarta.transaction-api\2.0.1\jakarta.transaction-api-2.0.1.jar;C:\Users\Jac01\.m2\repository\org\springframework\boot\spring-boot-starter-web\3.3.4\spring-boot-starter-web-3.3.4.jar;C:\Users\Jac01\.m2\repository\org\springframework\boot\spring-boot-starter-json\3.3.4\spring-boot-starter-json-3.3.4.jar;C:\Users\Jac01\.m2\repository\com\fasterxml\jackson\core\jackson-databind\2.17.2\jackson-databind-2.17.2.jar;C:\Users\Jac01\.m2\repository\com\fasterxml\jackson\core\jackson-annotations\2.17.2\jackson-annotations-2.17.2.jar;C:\Users\Jac01\.m2\repository\com\fasterxml\jackson\core\jackson-core\2.17.2\jackson-core-2.17.2.jar;C:\Users\Jac01\.m2\repository\com\fasterxml\jackson\datatype\jackson-datatype-jdk8\2.17.2\jackson-datatype-jdk8-2.17.2.jar;C:\Users\Jac01\.m2\repository\com\fasterxml\jackson\datatype\jackson-datatype-jsr310\2.17.2\jackson-datatype-jsr310-2.17.2.jar;C:\Users\Jac01\.m2\repository\com\fasterxml\jackson\module\jackson-module-parameter-names\2.17.2\jackson-module-parameter-names-2.17.2.jar;C:\Users\Jac01\.m2\repository\org\springframework\boot\spring-boot-starter-tomcat\3.3.4\spring-boot-starter-tomcat-3.3.4.jar;C:\Users\Jac01\.m2\repository\org\apache\tomcat\embed\tomcat-embed-core\10.1.30\tomcat-embed-core-10.1.30.jar;C:\Users\Jac01\.m2\repository\org\apache\tomcat\embed\tomcat-embed-el\10.1.30\tomcat-embed-el-10.1.30.jar;C:\Users\Jac01\.m2\repository\org\apache\tomcat\embed\tomcat-embed-websocket\10.1.30\tomcat-embed-websocket-10.1.30.jar;C:\Users\Jac01\.m2\repository\org\springframework\spring-web\6.1.13\spring-web-6.1.13.jar;C:\Users\Jac01\.m2\repository\org\springframework\spring-webmvc\6.1.13\spring-webmvc-6.1.13.jar;C:\Users\Jac01\.m2\repository\org\springframework\spring-aop\6.1.13\spring-aop-6.1.13.jar;C:\Users\Jac01\.m2\repository\org\springframework\spring-context\6.1.13\spring-context-6.1.13.jar;C:\Users\Jac01\.m2\repository\org\springframework\spring-expression\6.1.13\spring-expression-6.1.13.jar;C:\Users\Jac01\.m2\repository\org\springframework\boot\spring-boot-devtools\3.3.4\spring-boot-devtools-3.3.4.jar;C:\Users\Jac01\.m2\repository\org\springframework\boot\spring-boot\3.3.4\spring-boot-3.3.4.jar;C:\Users\Jac01\.m2\repository\org\springframework\boot\spring-boot-autoconfigure\3.3.4\spring-boot-autoconfigure-3.3.4.jar;C:\Users\Jac01\.m2\repository\org\projectlombok\lombok\1.18.34\lombok-1.18.34.jar;C:\Users\Jac01\.m2\repository\org\springframework\boot\spring-boot-starter-test\3.3.4\spring-boot-starter-test-3.3.4.jar;C:\Users\Jac01\.m2\repository\org\springframework\boot\spring-boot-test\3.3.4\spring-boot-test-3.3.4.jar;C:\Users\Jac01\.m2\repository\org\springframework\boot\spring-boot-test-autoconfigure\3.3.4\spring-boot-test-autoconfigure-3.3.4.jar;C:\Users\Jac01\.m2\repository\com\jayway\jsonpath\json-path\2.9.0\json-path-2.9.0.jar;C:\Users\Jac01\.m2\repository\jakarta\xml\bind\jakarta.xml.bind-api\4.0.2\jakarta.xml.bind-api-4.0.2.jar;C:\Users\Jac01\.m2\repository\jakarta\activation\jakarta.activation-api\2.1.3\jakarta.activation-api-2.1.3.jar;C:\Users\Jac01\.m2\repository\net\minidev\json-smart\2.5.1\json-smart-2.5.1.jar;C:\Users\Jac01\.m2\repository\net\minidev\accessors-smart\2.5.1\accessors-smart-2.5.1.jar;C:\Users\Jac01\.m2\repository\org\ow2\asm\asm\9.6\asm-9.6.jar;C:\Users\Jac01\.m2\repository\org\assertj\assertj-core\3.25.3\assertj-core-3.25.3.jar;C:\Users\Jac01\.m2\repository\net\bytebuddy\byte-buddy\1.14.19\byte-buddy-1.14.19.jar;C:\Users\Jac01\.m2\repository\org\awaitility\awaitility\4.2.2\awaitility-4.2.2.jar;C:\Users\Jac01\.m2\repository\org\hamcrest\hamcrest\2.2\hamcrest-2.2.jar;C:\Users\Jac01\.m2\repository\org\junit\jupiter\junit-jupiter\5.10.3\junit-jupiter-5.10.3.jar;C:\Users\Jac01\.m2\repository\org\junit\jupiter\junit-jupiter-api\5.10.3\junit-jupiter-api-5.10.3.jar;C:\Users\Jac01\.m2\repository\org\opentest4j\opentest4j\1.3.0\opentest4j-1.3.0.jar;C:\Users\Jac01\.m2\repository\org\junit\platform\junit-platform-commons\1.10.3\junit-platform-commons-1.10.3.jar;C:\Users\Jac01\.m2\repository\org\apiguardian\apiguardian-api\1.1.2\apiguardian-api-1.1.2.jar;C:\Users\Jac01\.m2\repository\org\junit\jupiter\junit-jupiter-params\5.10.3\junit-jupiter-params-5.10.3.jar;C:\Users\Jac01\.m2\repository\org\junit\jupiter\junit-jupiter-engine\5.10.3\junit-jupiter-engine-5.10.3.jar;C:\Users\Jac01\.m2\repository\org\junit\platform\junit-platform-engine\1.10.3\junit-platform-engine-1.10.3.jar;C:\Users\Jac01\.m2\repository\org\mockito\mockito-core\5.11.0\mockito-core-5.11.0.jar;C:\Users\Jac01\.m2\repository\net\bytebuddy\byte-buddy-agent\1.14.19\byte-buddy-agent-1.14.19.jar;C:\Users\Jac01\.m2\repository\org\objenesis\objenesis\3.3\objenesis-3.3.jar;C:\Users\Jac01\.m2\repository\org\mockito\mockito-junit-jupiter\5.11.0\mockito-junit-jupiter-5.11.0.jar;C:\Users\Jac01\.m2\repository\org\skyscreamer\jsonassert\1.5.3\jsonassert-1.5.3.jar;C:\Users\Jac01\.m2\repository\com\vaadin\external\google\android-json\0.0.20131108.vaadin1\android-json-0.0.20131108.vaadin1.jar;C:\Users\Jac01\.m2\repository\org\springframework\spring-core\6.1.13\spring-core-6.1.13.jar;C:\Users\Jac01\.m2\repository\org\springframework\spring-jcl\6.1.13\spring-jcl-6.1.13.jar;C:\Users\Jac01\.m2\repository\org\springframework\spring-test\6.1.13\spring-test-6.1.13.jar;C:\Users\Jac01\.m2\repository\org\xmlunit\xmlunit-core\2.9.1\xmlunit-core-2.9.1.jar;"/>
    <property name="sun.cpu.endian" value="little"/>
    <property name="user.home" value="C:\Users\Jac01"/>
    <property name="user.language" value="fr"/>
    <property name="java.specification.vendor" value="Oracle Corporation"/>
    <property name="java.version.date" value="2024-07-16"/>
    <property name="java.home" value="C:\Users\Jac01\AppData\Roaming\Code\User\globalStorage\pleiades.java-extension-pack-jdk\java\21"/>
    <property name="file.separator" value="\"/>
    <property name="basedir" value="c:\Users\Jac01\OneDrive\Documents\GitHub\sfg-jms"/>
    <property name="java.vm.compressedOopsMode" value="Zero based"/>
    <property name="line.separator" value="&#10;"/>
    <property name="java.vm.specification.vendor" value="Oracle Corporation"/>
    <property name="java.specification.name" value="Java Platform API Specification"/>
    <property name="FILE_LOG_CHARSET" value="UTF-8"/>
    <property name="java.awt.headless" value="true"/>
    <property name="surefire.real.class.path" value="C:\Users\Jac01\AppData\Local\Temp\surefire7892650766451825541\surefirebooter-20241011224537307_3.jar"/>
    <property name="user.script" value=""/>
    <property name="sun.management.compiler" value="HotSpot 64-Bit Tiered Compilers"/>
    <property name="java.runtime.version" value="21.0.4+7-LTS"/>
    <property name="user.name" value="Jac01"/>
    <property name="stdout.encoding" value="Cp1252"/>
    <property name="path.separator" value=";"/>
    <property name="os.version" value="10.0"/>
    <property name="java.runtime.name" value="OpenJDK Runtime Environment"/>
    <property name="file.encoding" value="UTF-8"/>
    <property name="java.vm.name" value="OpenJDK 64-Bit Server VM"/>
    <property name="java.vendor.version" value="Temurin-21.0.4+7"/>
    <property name="localRepository" value="C:\Users\Jac01\.m2\repository"/>
    <property name="java.vendor.url.bug" value="https://github.com/adoptium/adoptium-support/issues"/>
    <property name="java.io.tmpdir" value="C:\Users\Jac01\AppData\Local\Temp\"/>
    <property name="java.version" value="21.0.4"/>
    <property name="user.dir" value="c:\Users\Jac01\OneDrive\Documents\GitHub\sfg-jms"/>
    <property name="os.arch" value="amd64"/>
    <property name="java.vm.specification.name" value="Java Virtual Machine Specification"/>
    <property name="PID" value="20112"/>
    <property name="sun.os.patch.level" value=""/>
    <property name="CONSOLE_LOG_CHARSET" value="UTF-8"/>
    <property name="native.encoding" value="Cp1252"/>
    <property name="java.library.path" value="C:\Users\Jac01\AppData\Roaming\Code\User\globalStorage\pleiades.java-extension-pack-jdk\java\21\bin;C:\WINDOWS\Sun\Java\bin;C:\WINDOWS\system32;C:\WINDOWS;C:\Users\Jac01\AppData\Roaming\Code\User\globalStorage\pleiades.java-extension-pack-jdk\gradle\latest\bin;C:\Users\Jac01\AppData\Roaming\Code\User\globalStorage\pleiades.java-extension-pack-jdk\maven\latest\bin;C:\Users\Jac01\AppData\Roaming\Code\User\globalStorage\pleiades.java-extension-pack-jdk\java\21\bin;C:\Program Files\Common Files\Oracle\Java\javapath;C:\WINDOWS\system32;C:\WINDOWS;C:\WINDOWS\System32\Wbem;C:\WINDOWS\System32\WindowsPowerShell\v1.0\;C:\WINDOWS\System32\OpenSSH\;C:\Program Files\Microsoft VS Code\bin;C:\ProgramData\chocolatey\bin;C:\Program Files\Java\jdk-17.0.2\bin;C:\apache-maven-3.8.4\bin;C:\Program Files\Git\cmd;C:\Program Files\nodejs\;C:\ProgramData\ComposerSetup\bin;C:\Program Files\OpenSSL\bin;c:\Gradle\Gradle-7.5.1\bin;C:\Program Files\PowerShell\7\;C:\windows\system32;C:\Windows\System32;C:\Program Files\MySQL\MySQL Shell 8.0\bin\;C:\Users\Jac01\scoop\shims;C:\Users\Jac01\AppData\Local\Microsoft\WindowsApps;C:\Users\Jac01\AppData\Local\GitHubDesktop\bin;C:\Users\Jac01\AppData\Roaming\npm;C:\Program Files\MongoDB\Server\5.0\bin;C:\Users\Jac01\AppData\Roaming\Composer\vendor\bin;C:\Program Files\OpenSSL\bin;C:\Users\Jac01\AppData\Local\Microsoft\WindowsApps;C:\Users\Jac01\AppData\Local\Microsoft\WinGet\Packages\Schniz.fnm_Microsoft.Winget.Source_8wekyb3d8bbwe;;."/>
    <property name="java.vm.info" value="mixed mode, sharing"/>
    <property name="stderr.encoding" value="Cp1252"/>
    <property name="java.vendor" value="Eclipse Adoptium"/>
    <property name="java.vm.version" value="21.0.4+7-LTS"/>
    <property name="sun.io.unicode.encoding" value="UnicodeLittle"/>
    <property name="java.class.version" value="65.0"/>
  </properties>
  <testcase name="contextLoads" classname="guru.springframework.sfgjms.SfgJmsApplicationTests" time="0.889">
    <system-out><![CDATA[Standard Commons Logging discovery in action with spring-jcl: please remove commons-logging.jar from classpath in order to avoid potential conflicts
22:45:38.642 [main] INFO org.springframework.test.context.support.AnnotationConfigContextLoaderUtils -- Could not detect default configuration classes for test class [guru.springframework.sfgjms.SfgJmsApplicationTests]: SfgJmsApplicationTests does not declare any static, non-private, non-final, nested classes annotated with @Configuration.
22:45:38.773 [main] INFO org.springframework.boot.test.context.SpringBootTestContextBootstrapper -- Found @SpringBootConfiguration guru.springframework.sfgjms.SfgJmsApplication for test class guru.springframework.sfgjms.SfgJmsApplicationTests
22:45:38.963 [main] INFO org.springframework.boot.devtools.restart.RestartApplicationListener -- Restart disabled due to context in which it is running

  .   ____          _            __ _ _
 /\\ / ___'_ __ _ _(_)_ __  __ _ \ \ \ \
( ( )\___ | '_ | '_| | '_ \/ _` | \ \ \ \
 \\/  ___)| |_)| | | | | || (_| |  ) ) ) )
  '  |____| .__|_| |_|_| |_\__, | / / / /
 =========|_|==============|___/=/_/_/_/

 :: Spring Boot ::                (v3.3.4)

2024-10-11T22:45:39.273-04:00  INFO 20112 --- [           main] g.s.sfgjms.SfgJmsApplicationTests        : Starting SfgJmsApplicationTests using Java 21.0.4 with PID 20112 (started by Jac01 in c:\Users\Jac01\OneDrive\Documents\GitHub\sfg-jms)
2024-10-11T22:45:39.275-04:00  INFO 20112 --- [           main] g.s.sfgjms.SfgJmsApplicationTests        : No active profile set, falling back to 1 default profile: "default"
2024-10-11T22:45:40.885-04:00  INFO 20112 --- [           main] o.apache.activemq.artemis.core.server    : AMQ221000: Primary message broker is starting with configuration Broker Configuration (clustered=false,journalDirectory=C:\Users\Jac01\AppData\Local\Temp\artemis-data/journal,bindingsDirectory=data/bindings,largeMessagesDirectory=data/largemessages,pagingDirectory=data/paging)
2024-10-11T22:45:40.892-04:00  INFO 20112 --- [           main] o.apache.activemq.artemis.core.server    : AMQ221045: libaio is not available, switching the configuration into NIO
2024-10-11T22:45:40.917-04:00  INFO 20112 --- [           main] o.apache.activemq.artemis.core.server    : AMQ221057: Global Max Size is being adjusted to 1/2 of the JVM max size (-Xmx). being defined as 1570766848
2024-10-11T22:45:40.938-04:00  INFO 20112 --- [           main] o.apache.activemq.artemis.core.server    : AMQ221043: Protocol module found: [artemis-server]. Adding protocol support for: CORE
2024-10-11T22:45:40.988-04:00  INFO 20112 --- [           main] org.apache.activemq.audit.base           : AMQ601138: User anonymous@unknown is getting notification info on target resource: null
2024-10-11T22:45:40.989-04:00  INFO 20112 --- [           main] org.apache.activemq.audit.base           : AMQ601019: User anonymous@unknown is getting mbean info on target resource: org.apache.activemq.artemis.core.management.impl.ActiveMQServerControlImpl@58aa1d72
2024-10-11T22:45:40.989-04:00  INFO 20112 --- [           main] org.apache.activemq.audit.base           : AMQ601138: User anonymous@unknown is getting notification info on target resource: ActiveMQServerImpl::name=localhost
2024-10-11T22:45:41.005-04:00  INFO 20112 --- [           main] o.apache.activemq.artemis.core.server    : AMQ224092: Despite disabled persistence, page files will be persisted.
2024-10-11T22:45:41.015-04:00  INFO 20112 --- [           main] o.apache.activemq.artemis.core.server    : AMQ221080: Deploying address DLQ supporting [ANYCAST]
2024-10-11T22:45:41.018-04:00  INFO 20112 --- [           main] org.apache.activemq.audit.base           : AMQ601019: User anonymous@unknown is getting mbean info on target resource: org.apache.activemq.artemis.core.management.impl.AddressControlImpl@5c4cc644
2024-10-11T22:45:41.021-04:00  INFO 20112 --- [           main] o.apache.activemq.artemis.core.server    : AMQ221003: Deploying ANYCAST queue DLQ on address DLQ
2024-10-11T22:45:41.089-04:00  INFO 20112 --- [           main] org.apache.activemq.audit.base           : AMQ601019: User anonymous@unknown is getting mbean info on target resource: org.apache.activemq.artemis.core.management.impl.QueueControlImpl@45c80312
2024-10-11T22:45:41.091-04:00  INFO 20112 --- [           main] o.apache.activemq.artemis.core.server    : AMQ221080: Deploying address ExpiryQueue supporting [ANYCAST]
2024-10-11T22:45:41.091-04:00  INFO 20112 --- [           main] org.apache.activemq.audit.base           : AMQ601019: User anonymous@unknown is getting mbean info on target resource: org.apache.activemq.artemis.core.management.impl.AddressControlImpl@7bd38fed
2024-10-11T22:45:41.091-04:00  INFO 20112 --- [           main] o.apache.activemq.artemis.core.server    : AMQ221003: Deploying ANYCAST queue ExpiryQueue on address ExpiryQueue
2024-10-11T22:45:41.092-04:00  INFO 20112 --- [           main] org.apache.activemq.audit.base           : AMQ601019: User anonymous@unknown is getting mbean info on target resource: org.apache.activemq.artemis.core.management.impl.QueueControlImpl@377dfb8d
2024-10-11T22:45:41.095-04:00  INFO 20112 --- [           main] org.apache.activemq.audit.base           : AMQ601019: User anonymous@unknown is getting mbean info on target resource: org.apache.activemq.artemis.core.management.impl.AddressControlImpl@561f9d92
2024-10-11T22:45:41.131-04:00  INFO 20112 --- [           main] org.apache.activemq.audit.base           : AMQ601019: User anonymous@unknown is getting mbean info on target resource: org.apache.activemq.artemis.core.management.impl.AcceptorControlImpl@65bd19bf
2024-10-11T22:45:41.139-04:00  INFO 20112 --- [           main] o.apache.activemq.artemis.core.server    : AMQ221007: Server is now active
2024-10-11T22:45:41.139-04:00  INFO 20112 --- [           main] o.apache.activemq.artemis.core.server    : AMQ221001: Apache ActiveMQ Artemis Message Broker version 2.33.0 [localhost, nodeID=11c10211-8844-11ef-8711-00155d329800] 
2024-10-11T22:45:41.259-04:00  INFO 20112 --- [           main] g.s.sfgjms.SfgJmsApplicationTests        : Started SfgJmsApplicationTests in 2.311 seconds (process running for 3.818)
]]></system-out>
    <system-err><![CDATA[WARNING: A Java agent has been loaded dynamically (C:\Users\Jac01\.m2\repository\net\bytebuddy\byte-buddy-agent\1.14.19\byte-buddy-agent-1.14.19.jar)
WARNING: If a serviceability tool is in use, please run with -XX:+EnableDynamicAgentLoading to hide this warning
WARNING: If a serviceability tool is not in use, please run with -Djdk.instrument.traceUsage for more information
WARNING: Dynamic loading of agents will be disallowed by default in a future release
]]></system-err>
  </testcase>
</testsuite>